🔄 Mise à jour des données HYPE...
Erreur TA
Erreur Info
Erreur Events
[main c066eb0] data: Auto-update HYPE data from TrueNorth (2026-05-02T16:20:01Z)
 1 file changed, 1 insertion(+), 1 deletion(-)
To https://github.com/dashonchain/hype-monitor.git
   d362ab8..c066eb0  main -> main
✅ Données mises à jour et poussées sur GitHub
🔄 Mise à jour des données HYPE...
Erreur TA
Erreur Info
Erreur Events
[main c4737a1] data: Auto-update HYPE data from TrueNorth (2026-05-02T16:25:01Z)
 1 file changed, 1 insertion(+), 1 deletion(-)
To https://github.com/dashonchain/hype-monitor.git
   9004308..c4737a1  main -> main
✅ Données mises à jour et poussées sur GitHub
🔄 Mise à jour des données HYPE...
Erreur TA
Erreur Info
Erreur Events
[main 14b433a] data: Auto-update HYPE data from TrueNorth (2026-05-02T16:30:01Z)
 1 file changed, 1 insertion(+), 1 deletion(-)
To https://github.com/dashonchain/hype-monitor.git
   d925c9a..14b433a  main -> main
✅ Données mises à jour et poussées sur GitHub
🔄 Mise à jour des données HYPE... Sat May  2 16:35:01 UTC 2026
📊 Technical Analysis...
ℹ️ Market Info...
📅 Events...
⚠️ Certaines commandes TN ont échoué, on garde les données existantes
[main 425ff09] data: Auto-update HYPE timestamp (2026-05-02T16:35:01Z)
 1 file changed, 1 insertion(+), 1 deletion(-)
To https://github.com/dashonchain/hype-monitor.git
   ef6a200..425ff09  main -> main
✅ Script terminé à Sat May  2 16:35:02 UTC 2026
🔄 Mise à jour des données HYPE... Sat May  2 16:40:01 UTC 2026
📊 Technical Analysis...
ℹ️ Market Info...
📅 Events...
⚠️ Certaines commandes TN ont échoué, on garde les données existantes
[main e6a5003] data: Auto-update HYPE timestamp (2026-05-02T16:40:01Z)
 1 file changed, 1 insertion(+), 1 deletion(-)
To https://github.com/dashonchain/hype-monitor.git
   425ff09..e6a5003  main -> main
✅ Script terminé à Sat May  2 16:40:02 UTC 2026
🔄 Mise à jour des données HYPE... Sat May  2 16:45:01 UTC 2026
📊 Technical Analysis...
ℹ️ Market Info...
📅 Events...
⚠️ Certaines commandes TN ont échoué, on garde les données existantes
[main 16f0a30] data: Auto-update HYPE timestamp (2026-05-02T16:45:01Z)
 1 file changed, 1 insertion(+), 1 deletion(-)
To https://github.com/dashonchain/hype-monitor.git
   e6a5003..16f0a30  main -> main
✅ Script terminé à Sat May  2 16:45:02 UTC 2026
🔄 Mise à jour des données HYPE... Sat May  2 16:50:01 UTC 2026
📊 Technical Analysis...
ℹ️ Market Info...
📅 Events...
⚠️ Certaines commandes TN ont échoué, on garde les données existantes
[main 29e9e05] data: Auto-update HYPE timestamp (2026-05-02T16:50:01Z)
 1 file changed, 1 insertion(+), 1 deletion(-)
To https://github.com/dashonchain/hype-monitor.git
   16f0a30..29e9e05  main -> main
✅ Script terminé à Sat May  2 16:50:02 UTC 2026
🔄 Mise à jour des données HYPE... Sat May  2 16:55:01 UTC 2026
📊 Technical Analysis...
ℹ️ Market Info...
📅 Events...
⚠️ Certaines commandes TN ont échoué, on garde les données existantes
[main 1ca5a66] data: Auto-update HYPE timestamp (2026-05-02T16:55:01Z)
 1 file changed, 1 insertion(+), 1 deletion(-)
To https://github.com/dashonchain/hype-monitor.git
   29e9e05..1ca5a66  main -> main
✅ Script terminé à Sat May  2 16:55:03 UTC 2026
🔄 Mise à jour des données HYPE... Sat May  2 17:00:01 UTC 2026
📊 Technical Analysis...
ℹ️ Market Info...
📅 Events...
⚠️ Certaines commandes TN ont échoué, on garde les données existantes
[main 238e11d] data: Auto-update HYPE timestamp (2026-05-02T17:00:01Z)
 1 file changed, 1 insertion(+), 1 deletion(-)
To https://github.com/dashonchain/hype-monitor.git
   0f71361..238e11d  main -> main
✅ Script terminé à Sat May  2 17:00:02 UTC 2026
🔄 Mise à jour des données HYPE... Sat May  2 17:05:01 UTC 2026
📊 Technical Analysis...
ℹ️ Market Info...
📅 Events...
⚠️ Certaines commandes TN ont échoué, on garde les données existantes
[main a175874] data: Auto-update HYPE timestamp (2026-05-02T17:05:01Z)
 1 file changed, 1 insertion(+), 1 deletion(-)
To https://github.com/dashonchain/hype-monitor.git
   d168ba0..a175874  main -> main
✅ Script terminé à Sat May  2 17:05:02 UTC 2026
🔄 Mise à jour des données HYPE... Sat May  2 17:10:01 UTC 2026
📊 Technical Analysis...
ℹ️ Market Info...
📅 Events...
⚠️ Certaines commandes TN ont échoué, on garde les données existantes
[main a0df889] data: Auto-update HYPE timestamp (2026-05-02T17:10:01Z)
 1 file changed, 1 insertion(+), 1 deletion(-)
To https://github.com/dashonchain/hype-monitor.git
   a175874..a0df889  main -> main
✅ Script terminé à Sat May  2 17:10:02 UTC 2026
🔄 Mise à jour des données HYPE... Sat May  2 17:15:01 UTC 2026
📊 Technical Analysis...
ℹ️ Market Info...
📅 Events...
⚠️ Certaines commandes TN ont échoué, on garde les données existantes
[main 8febad5] data: Auto-update HYPE timestamp (2026-05-02T17:15:02Z)
 1 file changed, 1 insertion(+), 1 deletion(-)
To https://github.com/dashonchain/hype-monitor.git
   a0df889..8febad5  main -> main
✅ Script terminé à Sat May  2 17:15:03 UTC 2026
🔄 Mise à jour des données HYPE... Sat May  2 17:20:01 UTC 2026
📊 Technical Analysis...
ℹ️ Market Info...
📅 Events...
⚠️ Certaines commandes TN ont échoué, on garde les données existantes
[main 288a302] data: Auto-update HYPE timestamp (2026-05-02T17:20:01Z)
 1 file changed, 1 insertion(+), 1 deletion(-)
To https://github.com/dashonchain/hype-monitor.git
   8febad5..288a302  main -> main
✅ Script terminé à Sat May  2 17:20:02 UTC 2026
🔄 Mise à jour des données HYPE... Sat May  2 17:25:01 UTC 2026
📊 Technical Analysis...
ℹ️ Market Info...
📅 Events...
⚠️ Certaines commandes TN ont échoué, on garde les données existantes
[main b719dd3] data: Auto-update HYPE timestamp (2026-05-02T17:25:01Z)
 1 file changed, 1 insertion(+), 1 deletion(-)
To https://github.com/dashonchain/hype-monitor.git
   ad8d75c..b719dd3  main -> main
✅ Script terminé à Sat May  2 17:25:02 UTC 2026
🔄 Mise à jour des données HYPE... Sat May  2 17:30:01 UTC 2026
📊 Technical Analysis...
ℹ️ Market Info...
📅 Events...
⚠️ Certaines commandes TN ont échoué, on garde les données existantes
[main 087ed91] data: Auto-update HYPE timestamp (2026-05-02T17:30:01Z)
 1 file changed, 1 insertion(+), 1 deletion(-)
To https://github.com/dashonchain/hype-monitor.git
   b719dd3..087ed91  main -> main
✅ Script terminé à Sat May  2 17:30:02 UTC 2026
